<?xml version="1.0" encoding="UTF-8"?>
<testng-results ignored="0" total="2" passed="2" failed="0" skipped="0">
  <reporter-output>
  </reporter-output>
  <suite started-at="2024-01-16T20:05:17 IST" name="BDD Cucumber" finished-at="2024-01-16T20:06:46 IST" duration-ms="88796">
    <groups>
    </groups>
    <test started-at="2024-01-16T20:05:17 IST" name="Scenarios" finished-at="2024-01-16T20:06:46 IST" duration-ms="88796">
      <class name="com.sgtesting.actitime.testsuite.DriverScript">
        <test-method is-config="true" signature="setUpClass()[pri:0, instance:com.sgtesting.actitime.testsuite.DriverScript@3a44431a]" started-at="2024-01-16T20:05:17 IST" name="setUpClass" finished-at="2024-01-16T20:05:17 IST" duration-ms="398" status="PASS">
          <reporter-output>
          </reporter-output>
        </test-method> <!-- setUpClass -->
        <test-method signature="feature(cucumber.api.testng.CucumberFeatureWrapper)[pri:0, instance:com.sgtesting.actitime.testsuite.DriverScript@3a44431a]" started-at="2024-01-16T20:05:18 IST" name="feature" data-provider="features" finished-at="2024-01-16T20:05:46 IST" duration-ms="28733" status="PASS">
          <params>
            <param index="0">
              <value>
                <![CDATA[Login and Logout functionality]]>
              </value>
            </param>
          </params>
          <reporter-output>
          </reporter-output>
        </test-method> <!-- feature -->
        <test-method signature="feature(cucumber.api.testng.CucumberFeatureWrapper)[pri:0, instance:com.sgtesting.actitime.testsuite.DriverScript@3a44431a]" started-at="2024-01-16T20:05:46 IST" name="feature" data-provider="features" finished-at="2024-01-16T20:06:45 IST" duration-ms="59129" status="PASS">
          <params>
            <param index="0">
              <value>
                <![CDATA[Create User Scenarios]]>
              </value>
            </param>
          </params>
          <reporter-output>
          </reporter-output>
        </test-method> <!-- feature -->
        <test-method is-config="true" signature="tearDownClass()[pri:0, instance:com.sgtesting.actitime.testsuite.DriverScript@3a44431a]" started-at="2024-01-16T20:06:45 IST" name="tearDownClass" finished-at="2024-01-16T20:06:46 IST" duration-ms="386" status="PASS">
          <reporter-output>
          </reporter-output>
        </test-method> <!-- tearDownClass -->
        <test-method is-config="true" signature="writeExtentReport()[pri:0, instance:com.sgtesting.actitime.testsuite.DriverScript@3a44431a]" started-at="2024-01-16T20:06:46 IST" name="writeExtentReport" finished-at="2024-01-16T20:06:46 IST" duration-ms="25" status="PASS">
          <reporter-output>
          </reporter-output>
        </test-method> <!-- writeExtentReport -->
      </class> <!-- com.sgtesting.actitime.testsuite.DriverScript -->
    </test> <!-- Scenarios -->
  </suite> <!-- BDD Cucumber -->
</testng-results>
